<?xml version="1.0" encoding="UTF-8"?>
<testsuite xmlns:xsi="http://www.w3.org/2001/XMLSchema-instance" xsi:noNamespaceSchemaLocation="https://maven.apache.org/surefire/maven-surefire-plugin/xsd/surefire-test-report-3.0.xsd" version="3.0" name="AdditionTest" time="0.018" tests="6" errors="0" skipped="0" failures="0">
  <properties>
[...]
</properties>
  <testcase name="testSameAccount" classname="AdditionTest" time="0.004"/>
  <testcase name="testDestinationAccountNotFound" classname="AdditionTest" time="0.001"/>
  <testcase name="testLessThanZero" classname="AdditionTest" time="0.001"/>
  <testcase name="testInsufficientFunds" classname="AdditionTest" time="0.001"/>
  <testcase name="testSuccessfulTransfer" classname="AdditionTest" time="0.001"/>
  <testcase name="testAmountGreaterThanFiveL" classname="AdditionTest" time="0.001"/>
</testsuite>